<?xml version="1.0" encoding="UTF-8" ?>
<testsuite tests="5" failures="0" name="trinom.TrinomialTest" time="0.004" errors="0" skipped="0">
  <properties>
[...]
</properties>
  <testcase classname="trinom.TrinomialTest" name="answertest1" time="0.003"/>
  <testcase classname="trinom.TrinomialTest" name="answertest2" time="0"/>
  <testcase classname="trinom.TrinomialTest" name="answertest3" time="0"/>
  <testcase classname="trinom.TrinomialTest" name="answertest4" time="0"/>
  <testcase classname="trinom.TrinomialTest" name="answertest" time="0.001"/>
</testsuite>